<?xml version="1.0" encoding="UTF-8"?>
<coverage generated="1616508271862" clover="3.2.0">
  <project timestamp="1616508271863" name="All files">
    <metrics statements="253" coveredstatements="231" conditionals="140" coveredconditionals="121" methods="7" coveredmethods="7" elements="400" coveredelements="359" complexity="0" loc="253" ncloc="253" packages="1" files="1" classes="1"/>
    <file name="forTest.js" path="D:\jsTest\test\forTest.js">
      <metrics statements="253" coveredstatements="231" conditionals="140" coveredconditionals="121" methods="7" coveredmethods="7"/>
      <line num="3" count="80" type="stmt"/>
      <line num="4" count="80" type="stmt"/>
      <line num="5" count="80" type="stmt"/>
      <line num="6" count="80" type="stmt"/>
      <line num="7" count="80" type="stmt"/>
      <line num="12" count="182" type="stmt"/>
      <line num="16" count="262" type="stmt"/>
      <line num="20" count="259" type="stmt"/>
      <line num="24" count="256" type="stmt"/>
      <line num="28" count="195" type="stmt"/>
      <line num="36" count="68" type="cond" truecount="10" falsecount="0"/>
      <line num="37" count="7" type="stmt"/>
      <line num="40" count="61" type="cond" truecount="9" falsecount="0"/>
      <line num="41" count="7" type="stmt"/>
      <line num="46" count="54" type="cond" truecount="9" falsecount="0"/>
      <line num="49" count="7" type="stmt"/>
      <line num="52" count="47" type="stmt"/>
      <line num="54" count="47" type="stmt"/>
      <line num="55" count="47" type="stmt"/>
      <line num="57" count="59" type="cond" truecount="2" falsecount="0"/>
      <line num="58" count="3" type="stmt"/>
      <line num="61" count="56" type="cond" truecount="6" falsecount="0"/>
      <line num="62" count="4" type="stmt"/>
      <line num="65" count="52" type="cond" truecount="7" falsecount="0"/>
      <line num="66" count="4" type="stmt"/>
      <line num="69" count="48" type="cond" truecount="5" falsecount="1"/>
      <line num="70" count="0" type="stmt"/>
      <line num="73" count="48" type="cond" truecount="6" falsecount="0"/>
      <line num="77" count="3" type="stmt"/>
      <line num="79" count="45" type="cond" truecount="2" falsecount="0"/>
      <line num="80" count="10" type="stmt"/>
      <line num="84" count="35" type="stmt"/>
      <line num="89" count="33" type="stmt"/>
      <line num="95" count="33" type="cond" truecount="2" falsecount="0"/>
      <line num="97" count="13" type="cond" truecount="2" falsecount="0"/>
      <line num="98" count="7" type="stmt"/>
      <line num="101" count="6" type="cond" truecount="2" falsecount="0"/>
      <line num="102" count="1" type="stmt"/>
      <line num="104" count="5" type="stmt"/>
      <line num="107" count="13" type="cond" truecount="1" falsecount="1"/>
      <line num="108" count="13" type="cond" truecount="2" falsecount="0"/>
      <line num="109" count="3" type="stmt"/>
      <line num="110" count="10" type="cond" truecount="2" falsecount="0"/>
      <line num="111" count="1" type="stmt"/>
      <line num="113" count="9" type="stmt"/>
      <line num="116" count="0" type="stmt"/>
      <line num="118" count="13" type="cond" truecount="2" falsecount="0"/>
      <line num="122" count="13" type="cond" truecount="2" falsecount="0"/>
      <line num="123" count="12" type="stmt"/>
      <line num="126" count="1" type="stmt"/>
      <line num="127" count="1" type="stmt"/>
      <line num="128" count="1" type="stmt"/>
      <line num="137" count="20" type="stmt"/>
      <line num="138" count="20" type="stmt"/>
      <line num="139" count="20" type="stmt"/>
      <line num="140" count="20" type="stmt"/>
      <line num="142" count="20" type="stmt"/>
      <line num="143" count="20" type="stmt"/>
      <line num="144" count="20" type="stmt"/>
      <line num="145" count="20" type="stmt"/>
      <line num="147" count="20" type="stmt"/>
      <line num="148" count="20" type="stmt"/>
      <line num="149" count="20" type="stmt"/>
      <line num="150" count="20" type="stmt"/>
      <line num="152" count="20" type="stmt"/>
      <line num="153" count="20" type="stmt"/>
      <line num="154" count="20" type="stmt"/>
      <line num="155" count="20" type="stmt"/>
      <line num="162" count="20" type="cond" truecount="5" falsecount="0"/>
      <line num="163" count="13" type="stmt"/>
      <line num="164" count="13" type="stmt"/>
      <line num="167" count="7" type="cond" truecount="2" falsecount="0"/>
      <line num="168" count="1" type="stmt"/>
      <line num="169" count="1" type="stmt"/>
      <line num="173" count="6" type="stmt"/>
      <line num="174" count="6" type="cond" truecount="1" falsecount="1"/>
      <line num="175" count="0" type="stmt"/>
      <line num="176" count="6" type="cond" truecount="1" falsecount="1"/>
      <line num="177" count="0" type="stmt"/>
      <line num="179" count="6" type="stmt"/>
      <line num="182" count="20" type="stmt"/>
      <line num="183" count="20" type="stmt"/>
      <line num="184" count="20" type="stmt"/>
      <line num="185" count="20" type="stmt"/>
      <line num="186" count="20" type="stmt"/>
      <line num="187" count="20" type="stmt"/>
      <line num="188" count="20" type="stmt"/>
      <line num="189" count="20" type="stmt"/>
      <line num="191" count="20" type="stmt"/>
      <line num="193" count="20" type="stmt"/>
      <line num="194" count="20" type="stmt"/>
      <line num="195" count="20" type="stmt"/>
      <line num="196" count="20" type="stmt"/>
      <line num="198" count="20" type="stmt"/>
      <line num="199" count="20" type="stmt"/>
      <line num="200" count="20" type="stmt"/>
      <line num="201" count="20" type="stmt"/>
      <line num="203" count="20" type="stmt"/>
      <line num="204" count="20" type="stmt"/>
      <line num="205" count="20" type="stmt"/>
      <line num="206" count="20" type="stmt"/>
      <line num="208" count="20" type="stmt"/>
      <line num="209" count="20" type="stmt"/>
      <line num="210" count="20" type="stmt"/>
      <line num="211" count="20" type="stmt"/>
      <line num="214" count="20" type="stmt"/>
      <line num="215" count="20" type="stmt"/>
      <line num="216" count="20" type="stmt"/>
      <line num="217" count="20" type="stmt"/>
      <line num="219" count="20" type="stmt"/>
      <line num="220" count="20" type="stmt"/>
      <line num="221" count="20" type="stmt"/>
      <line num="222" count="20" type="stmt"/>
      <line num="224" count="20" type="stmt"/>
      <line num="225" count="20" type="stmt"/>
      <line num="226" count="20" type="stmt"/>
      <line num="227" count="20" type="stmt"/>
      <line num="229" count="20" type="cond" truecount="2" falsecount="0"/>
      <line num="230" count="6" type="stmt"/>
      <line num="231" count="6" type="stmt"/>
      <line num="232" count="6" type="stmt"/>
      <line num="233" count="6" type="stmt"/>
      <line num="234" count="6" type="stmt"/>
      <line num="235" count="6" type="stmt"/>
      <line num="236" count="6" type="stmt"/>
      <line num="237" count="6" type="stmt"/>
      <line num="239" count="6" type="stmt"/>
      <line num="240" count="6" type="stmt"/>
      <line num="242" count="6" type="stmt"/>
      <line num="243" count="6" type="stmt"/>
      <line num="245" count="6" type="stmt"/>
      <line num="246" count="6" type="stmt"/>
      <line num="247" count="14" type="cond" truecount="2" falsecount="0"/>
      <line num="248" count="1" type="stmt"/>
      <line num="249" count="1" type="stmt"/>
      <line num="250" count="1" type="stmt"/>
      <line num="252" count="1" type="stmt"/>
      <line num="253" count="1" type="stmt"/>
      <line num="254" count="1" type="stmt"/>
      <line num="256" count="1" type="stmt"/>
      <line num="257" count="1" type="stmt"/>
      <line num="258" count="1" type="stmt"/>
      <line num="260" count="1" type="stmt"/>
      <line num="261" count="1" type="stmt"/>
      <line num="262" count="1" type="stmt"/>
      <line num="264" count="1" type="stmt"/>
      <line num="265" count="1" type="stmt"/>
      <line num="266" count="1" type="stmt"/>
      <line num="268" count="1" type="stmt"/>
      <line num="269" count="1" type="stmt"/>
      <line num="270" count="1" type="stmt"/>
      <line num="272" count="1" type="stmt"/>
      <line num="273" count="1" type="stmt"/>
      <line num="274" count="1" type="stmt"/>
      <line num="275" count="13" type="cond" truecount="2" falsecount="0"/>
      <line num="276" count="1" type="stmt"/>
      <line num="277" count="1" type="stmt"/>
      <line num="278" count="1" type="stmt"/>
      <line num="280" count="1" type="stmt"/>
      <line num="281" count="1" type="stmt"/>
      <line num="282" count="1" type="stmt"/>
      <line num="284" count="1" type="stmt"/>
      <line num="285" count="1" type="stmt"/>
      <line num="286" count="1" type="stmt"/>
      <line num="288" count="1" type="stmt"/>
      <line num="289" count="1" type="stmt"/>
      <line num="290" count="1" type="stmt"/>
      <line num="292" count="12" type="cond" truecount="2" falsecount="0"/>
      <line num="293" count="1" type="stmt"/>
      <line num="294" count="1" type="stmt"/>
      <line num="296" count="1" type="stmt"/>
      <line num="297" count="1" type="stmt"/>
      <line num="299" count="1" type="stmt"/>
      <line num="300" count="1" type="stmt"/>
      <line num="302" count="1" type="stmt"/>
      <line num="303" count="1" type="stmt"/>
      <line num="305" count="1" type="stmt"/>
      <line num="306" count="1" type="stmt"/>
      <line num="308" count="1" type="stmt"/>
      <line num="309" count="1" type="stmt"/>
      <line num="311" count="1" type="stmt"/>
      <line num="312" count="1" type="stmt"/>
      <line num="314" count="11" type="stmt"/>
      <line num="315" count="11" type="stmt"/>
      <line num="317" count="11" type="stmt"/>
      <line num="318" count="11" type="stmt"/>
      <line num="320" count="11" type="stmt"/>
      <line num="321" count="11" type="stmt"/>
      <line num="323" count="11" type="stmt"/>
      <line num="324" count="11" type="stmt"/>
      <line num="326" count="11" type="stmt"/>
      <line num="327" count="11" type="stmt"/>
      <line num="329" count="11" type="stmt"/>
      <line num="330" count="11" type="stmt"/>
      <line num="332" count="11" type="stmt"/>
      <line num="333" count="11" type="stmt"/>
      <line num="335" count="20" type="stmt"/>
      <line num="340" count="26" type="cond" truecount="2" falsecount="0"/>
      <line num="341" count="5" type="cond" truecount="1" falsecount="1"/>
      <line num="344" count="0" type="stmt"/>
      <line num="346" count="5" type="stmt"/>
      <line num="349" count="5" type="cond" truecount="4" falsecount="1"/>
      <line num="351" count="0" type="stmt"/>
      <line num="352" count="0" type="stmt"/>
      <line num="355" count="5" type="cond" truecount="5" falsecount="0"/>
      <line num="357" count="3" type="stmt"/>
      <line num="359" count="5" type="cond" truecount="3" falsecount="1"/>
      <line num="360" count="5" type="stmt"/>
      <line num="363" count="5" type="cond" truecount="3" falsecount="1"/>
      <line num="364" count="5" type="stmt"/>
      <line num="367" count="5" type="cond" truecount="3" falsecount="1"/>
      <line num="368" count="5" type="stmt"/>
      <line num="371" count="5" type="cond" truecount="3" falsecount="1"/>
      <line num="372" count="5" type="stmt"/>
      <line num="375" count="5" type="cond" truecount="3" falsecount="1"/>
      <line num="376" count="5" type="stmt"/>
      <line num="378" count="5" type="cond" truecount="2" falsecount="0"/>
      <line num="379" count="1" type="stmt"/>
      <line num="380" count="1" type="stmt"/>
      <line num="381" count="1" type="stmt"/>
      <line num="382" count="1" type="stmt"/>
      <line num="383" count="4" type="cond" truecount="2" falsecount="0"/>
      <line num="384" count="3" type="stmt"/>
      <line num="385" count="3" type="stmt"/>
      <line num="386" count="3" type="stmt"/>
      <line num="387" count="3" type="stmt"/>
      <line num="388" count="1" type="cond" truecount="1" falsecount="1"/>
      <line num="389" count="1" type="stmt"/>
      <line num="390" count="1" type="stmt"/>
      <line num="391" count="1" type="stmt"/>
      <line num="392" count="1" type="stmt"/>
      <line num="394" count="5" type="cond" truecount="1" falsecount="1"/>
      <line num="395" count="5" type="stmt"/>
      <line num="396" count="5" type="stmt"/>
      <line num="397" count="5" type="stmt"/>
      <line num="398" count="5" type="stmt"/>
      <line num="399" count="0" type="cond" truecount="0" falsecount="2"/>
      <line num="400" count="0" type="stmt"/>
      <line num="401" count="0" type="stmt"/>
      <line num="402" count="0" type="stmt"/>
      <line num="403" count="0" type="stmt"/>
      <line num="404" count="0" type="cond" truecount="0" falsecount="2"/>
      <line num="405" count="0" type="stmt"/>
      <line num="406" count="0" type="stmt"/>
      <line num="407" count="0" type="stmt"/>
      <line num="408" count="0" type="stmt"/>
      <line num="409" count="0" type="cond" truecount="0" falsecount="2"/>
      <line num="410" count="0" type="stmt"/>
      <line num="411" count="0" type="stmt"/>
      <line num="412" count="0" type="stmt"/>
      <line num="413" count="0" type="stmt"/>
      <line num="417" count="20" type="stmt"/>
      <line num="418" count="20" type="stmt"/>
    </file>
  </project>
</coverage>
