{"D:\\jsTest\\test\\forTest.js": {"path":"D:\\jsTest\\test\\forTest.js","statementMap":{"0":{"start":{"line":3,"column":8},"end":{"line":3,"column":26}},"1":{"start":{"line":4,"column":8},"end":{"line":4,"column":28}},"2":{"start":{"line":5,"column":8},"end":{"line":5,"column":30}},"3":{"start":{"line":6,"column":8},"end":{"line":6,"column":30}},"4":{"start":{"line":7,"column":8},"end":{"line":7,"column":26}},"5":{"start":{"line":12,"column":8},"end":{"line":12,"column":28}},"6":{"start":{"line":16,"column":8},"end":{"line":16,"column":26}},"7":{"start":{"line":20,"column":8},"end":{"line":20,"column":27}},"8":{"start":{"line":24,"column":8},"end":{"line":24,"column":28}},"9":{"start":{"line":28,"column":8},"end":{"line":28,"column":28}},"10":{"start":{"line":36,"column":4},"end":{"line":38,"column":5}},"11":{"start":{"line":37,"column":8},"end":{"line":37,"column":17}},"12":{"start":{"line":40,"column":4},"end":{"line":42,"column":5}},"13":{"start":{"line":41,"column":8},"end":{"line":41,"column":17}},"14":{"start":{"line":46,"column":4},"end":{"line":50,"column":5}},"15":{"start":{"line":49,"column":8},"end":{"line":49,"column":17}},"16":{"start":{"line":52,"column":20},"end":{"line":52,"column":21}},"17":{"start":{"line":54,"column":22},"end":{"line":54,"column":23}},"18":{"start":{"line":55,"column":4},"end":{"line":86,"column":5}},"19":{"start":{"line":55,"column":14},"end":{"line":55,"column":15}},"20":{"start":{"line":57,"column":8},"end":{"line":59,"column":9}},"21":{"start":{"line":58,"column":12},"end":{"line":58,"column":21}},"22":{"start":{"line":61,"column":8},"end":{"line":63,"column":9}},"23":{"start":{"line":62,"column":12},"end":{"line":62,"column":21}},"24":{"start":{"line":65,"column":8},"end":{"line":67,"column":9}},"25":{"start":{"line":66,"column":12},"end":{"line":66,"column":21}},"26":{"start":{"line":69,"column":8},"end":{"line":71,"column":9}},"27":{"start":{"line":70,"column":12},"end":{"line":70,"column":21}},"28":{"start":{"line":73,"column":8},"end":{"line":78,"column":9}},"29":{"start":{"line":77,"column":12},"end":{"line":77,"column":21}},"30":{"start":{"line":79,"column":8},"end":{"line":85,"column":9}},"31":{"start":{"line":80,"column":12},"end":{"line":80,"column":57}},"32":{"start":{"line":84,"column":12},"end":{"line":84,"column":26}},"33":{"start":{"line":89,"column":22},"end":{"line":89,"column":23}},"34":{"start":{"line":95,"column":4},"end":{"line":419,"column":5}},"35":{"start":{"line":97,"column":8},"end":{"line":105,"column":9}},"36":{"start":{"line":98,"column":12},"end":{"line":98,"column":27}},"37":{"start":{"line":101,"column":13},"end":{"line":105,"column":9}},"38":{"start":{"line":102,"column":12},"end":{"line":102,"column":28}},"39":{"start":{"line":104,"column":12},"end":{"line":104,"column":28}},"40":{"start":{"line":107,"column":8},"end":{"line":117,"column":9}},"41":{"start":{"line":108,"column":12},"end":{"line":114,"column":13}},"42":{"start":{"line":109,"column":16},"end":{"line":109,"column":31}},"43":{"start":{"line":110,"column":18},"end":{"line":114,"column":13}},"44":{"start":{"line":111,"column":16},"end":{"line":111,"column":31}},"45":{"start":{"line":113,"column":16},"end":{"line":113,"column":31}},"46":{"start":{"line":116,"column":12},"end":{"line":116,"column":27}},"47":{"start":{"line":118,"column":18},"end":{"line":118,"column":84}},"48":{"start":{"line":122,"column":8},"end":{"line":129,"column":9}},"49":{"start":{"line":123,"column":12},"end":{"line":123,"column":25}},"50":{"start":{"line":126,"column":27},"end":{"line":126,"column":50}},"51":{"start":{"line":127,"column":12},"end":{"line":127,"column":25}},"52":{"start":{"line":128,"column":12},"end":{"line":128,"column":27}},"53":{"start":{"line":137,"column":21},"end":{"line":137,"column":23}},"54":{"start":{"line":138,"column":22},"end":{"line":138,"column":24}},"55":{"start":{"line":139,"column":21},"end":{"line":139,"column":23}},"56":{"start":{"line":140,"column":22},"end":{"line":140,"column":25}},"57":{"start":{"line":142,"column":21},"end":{"line":142,"column":23}},"58":{"start":{"line":143,"column":22},"end":{"line":143,"column":24}},"59":{"start":{"line":144,"column":21},"end":{"line":144,"column":23}},"60":{"start":{"line":145,"column":22},"end":{"line":145,"column":25}},"61":{"start":{"line":147,"column":21},"end":{"line":147,"column":22}},"62":{"start":{"line":148,"column":22},"end":{"line":148,"column":24}},"63":{"start":{"line":149,"column":21},"end":{"line":149,"column":24}},"64":{"start":{"line":150,"column":22},"end":{"line":150,"column":25}},"65":{"start":{"line":152,"column":21},"end":{"line":152,"column":23}},"66":{"start":{"line":153,"column":22},"end":{"line":153,"column":24}},"67":{"start":{"line":154,"column":21},"end":{"line":154,"column":24}},"68":{"start":{"line":155,"column":22},"end":{"line":155,"column":25}},"69":{"start":{"line":162,"column":8},"end":{"line":181,"column":9}},"70":{"start":{"line":163,"column":12},"end":{"line":163,"column":23}},"71":{"start":{"line":164,"column":12},"end":{"line":164,"column":28}},"72":{"start":{"line":167,"column":13},"end":{"line":181,"column":9}},"73":{"start":{"line":168,"column":12},"end":{"line":168,"column":23}},"74":{"start":{"line":169,"column":12},"end":{"line":169,"column":28}},"75":{"start":{"line":173,"column":12},"end":{"line":173,"column":28}},"76":{"start":{"line":174,"column":12},"end":{"line":180,"column":13}},"77":{"start":{"line":175,"column":16},"end":{"line":175,"column":27}},"78":{"start":{"line":176,"column":18},"end":{"line":180,"column":13}},"79":{"start":{"line":177,"column":16},"end":{"line":177,"column":27}},"80":{"start":{"line":179,"column":16},"end":{"line":179,"column":27}},"81":{"start":{"line":182,"column":18},"end":{"line":182,"column":19}},"82":{"start":{"line":183,"column":21},"end":{"line":183,"column":22}},"83":{"start":{"line":184,"column":19},"end":{"line":184,"column":20}},"84":{"start":{"line":185,"column":20},"end":{"line":185,"column":21}},"85":{"start":{"line":186,"column":20},"end":{"line":186,"column":25}},"86":{"start":{"line":187,"column":20},"end":{"line":187,"column":25}},"87":{"start":{"line":188,"column":20},"end":{"line":188,"column":25}},"88":{"start":{"line":189,"column":20},"end":{"line":189,"column":25}},"89":{"start":{"line":191,"column":20},"end":{"line":191,"column":21}},"90":{"start":{"line":193,"column":20},"end":{"line":193,"column":21}},"91":{"start":{"line":194,"column":23},"end":{"line":194,"column":24}},"92":{"start":{"line":195,"column":21},"end":{"line":195,"column":22}},"93":{"start":{"line":196,"column":22},"end":{"line":196,"column":23}},"94":{"start":{"line":198,"column":20},"end":{"line":198,"column":21}},"95":{"start":{"line":199,"column":23},"end":{"line":199,"column":24}},"96":{"start":{"line":200,"column":21},"end":{"line":200,"column":22}},"97":{"start":{"line":201,"column":22},"end":{"line":201,"column":23}},"98":{"start":{"line":203,"column":20},"end":{"line":203,"column":21}},"99":{"start":{"line":204,"column":23},"end":{"line":204,"column":24}},"100":{"start":{"line":205,"column":21},"end":{"line":205,"column":22}},"101":{"start":{"line":206,"column":22},"end":{"line":206,"column":23}},"102":{"start":{"line":208,"column":20},"end":{"line":208,"column":21}},"103":{"start":{"line":209,"column":23},"end":{"line":209,"column":24}},"104":{"start":{"line":210,"column":21},"end":{"line":210,"column":22}},"105":{"start":{"line":211,"column":22},"end":{"line":211,"column":23}},"106":{"start":{"line":214,"column":25},"end":{"line":214,"column":26}},"107":{"start":{"line":215,"column":28},"end":{"line":215,"column":29}},"108":{"start":{"line":216,"column":26},"end":{"line":216,"column":27}},"109":{"start":{"line":217,"column":27},"end":{"line":217,"column":28}},"110":{"start":{"line":219,"column":25},"end":{"line":219,"column":26}},"111":{"start":{"line":220,"column":28},"end":{"line":220,"column":29}},"112":{"start":{"line":221,"column":26},"end":{"line":221,"column":27}},"113":{"start":{"line":222,"column":27},"end":{"line":222,"column":28}},"114":{"start":{"line":224,"column":27},"end":{"line":224,"column":28}},"115":{"start":{"line":225,"column":30},"end":{"line":225,"column":31}},"116":{"start":{"line":226,"column":28},"end":{"line":226,"column":29}},"117":{"start":{"line":227,"column":29},"end":{"line":227,"column":30}},"118":{"start":{"line":229,"column":8},"end":{"line":334,"column":9}},"119":{"start":{"line":230,"column":12},"end":{"line":230,"column":23}},"120":{"start":{"line":231,"column":12},"end":{"line":231,"column":25}},"121":{"start":{"line":232,"column":12},"end":{"line":232,"column":23}},"122":{"start":{"line":233,"column":12},"end":{"line":233,"column":26}},"123":{"start":{"line":234,"column":12},"end":{"line":234,"column":23}},"124":{"start":{"line":235,"column":12},"end":{"line":235,"column":26}},"125":{"start":{"line":236,"column":12},"end":{"line":236,"column":24}},"126":{"start":{"line":237,"column":12},"end":{"line":237,"column":26}},"127":{"start":{"line":239,"column":12},"end":{"line":239,"column":29}},"128":{"start":{"line":240,"column":12},"end":{"line":240,"column":31}},"129":{"start":{"line":242,"column":12},"end":{"line":242,"column":29}},"130":{"start":{"line":243,"column":12},"end":{"line":243,"column":31}},"131":{"start":{"line":245,"column":12},"end":{"line":245,"column":31}},"132":{"start":{"line":246,"column":12},"end":{"line":246,"column":33}},"133":{"start":{"line":247,"column":14},"end":{"line":334,"column":9}},"134":{"start":{"line":248,"column":12},"end":{"line":248,"column":23}},"135":{"start":{"line":249,"column":12},"end":{"line":249,"column":25}},"136":{"start":{"line":250,"column":12},"end":{"line":250,"column":23}},"137":{"start":{"line":252,"column":12},"end":{"line":252,"column":23}},"138":{"start":{"line":253,"column":12},"end":{"line":253,"column":26}},"139":{"start":{"line":254,"column":12},"end":{"line":254,"column":23}},"140":{"start":{"line":256,"column":12},"end":{"line":256,"column":23}},"141":{"start":{"line":257,"column":12},"end":{"line":257,"column":26}},"142":{"start":{"line":258,"column":12},"end":{"line":258,"column":23}},"143":{"start":{"line":260,"column":12},"end":{"line":260,"column":24}},"144":{"start":{"line":261,"column":12},"end":{"line":261,"column":26}},"145":{"start":{"line":262,"column":12},"end":{"line":262,"column":24}},"146":{"start":{"line":264,"column":12},"end":{"line":264,"column":29}},"147":{"start":{"line":265,"column":12},"end":{"line":265,"column":31}},"148":{"start":{"line":266,"column":12},"end":{"line":266,"column":29}},"149":{"start":{"line":268,"column":12},"end":{"line":268,"column":29}},"150":{"start":{"line":269,"column":12},"end":{"line":269,"column":31}},"151":{"start":{"line":270,"column":12},"end":{"line":270,"column":29}},"152":{"start":{"line":272,"column":12},"end":{"line":272,"column":31}},"153":{"start":{"line":273,"column":12},"end":{"line":273,"column":33}},"154":{"start":{"line":274,"column":12},"end":{"line":274,"column":31}},"155":{"start":{"line":275,"column":14},"end":{"line":334,"column":9}},"156":{"start":{"line":276,"column":12},"end":{"line":276,"column":23}},"157":{"start":{"line":277,"column":12},"end":{"line":277,"column":25}},"158":{"start":{"line":278,"column":12},"end":{"line":278,"column":25}},"159":{"start":{"line":280,"column":12},"end":{"line":280,"column":29}},"160":{"start":{"line":281,"column":12},"end":{"line":281,"column":31}},"161":{"start":{"line":282,"column":12},"end":{"line":282,"column":30}},"162":{"start":{"line":284,"column":12},"end":{"line":284,"column":29}},"163":{"start":{"line":285,"column":12},"end":{"line":285,"column":31}},"164":{"start":{"line":286,"column":12},"end":{"line":286,"column":30}},"165":{"start":{"line":288,"column":12},"end":{"line":288,"column":31}},"166":{"start":{"line":289,"column":12},"end":{"line":289,"column":33}},"167":{"start":{"line":290,"column":12},"end":{"line":290,"column":32}},"168":{"start":{"line":292,"column":13},"end":{"line":334,"column":9}},"169":{"start":{"line":293,"column":12},"end":{"line":293,"column":23}},"170":{"start":{"line":294,"column":12},"end":{"line":294,"column":26}},"171":{"start":{"line":296,"column":12},"end":{"line":296,"column":24}},"172":{"start":{"line":297,"column":12},"end":{"line":297,"column":26}},"173":{"start":{"line":299,"column":12},"end":{"line":299,"column":24}},"174":{"start":{"line":300,"column":12},"end":{"line":300,"column":26}},"175":{"start":{"line":302,"column":12},"end":{"line":302,"column":24}},"176":{"start":{"line":303,"column":12},"end":{"line":303,"column":26}},"177":{"start":{"line":305,"column":12},"end":{"line":305,"column":29}},"178":{"start":{"line":306,"column":12},"end":{"line":306,"column":31}},"179":{"start":{"line":308,"column":12},"end":{"line":308,"column":29}},"180":{"start":{"line":309,"column":12},"end":{"line":309,"column":31}},"181":{"start":{"line":311,"column":12},"end":{"line":311,"column":31}},"182":{"start":{"line":312,"column":12},"end":{"line":312,"column":33}},"183":{"start":{"line":314,"column":12},"end":{"line":314,"column":23}},"184":{"start":{"line":315,"column":12},"end":{"line":315,"column":25}},"185":{"start":{"line":317,"column":12},"end":{"line":317,"column":23}},"186":{"start":{"line":318,"column":12},"end":{"line":318,"column":25}},"187":{"start":{"line":320,"column":12},"end":{"line":320,"column":23}},"188":{"start":{"line":321,"column":12},"end":{"line":321,"column":25}},"189":{"start":{"line":323,"column":12},"end":{"line":323,"column":23}},"190":{"start":{"line":324,"column":12},"end":{"line":324,"column":26}},"191":{"start":{"line":326,"column":12},"end":{"line":326,"column":28}},"192":{"start":{"line":327,"column":12},"end":{"line":327,"column":31}},"193":{"start":{"line":329,"column":12},"end":{"line":329,"column":29}},"194":{"start":{"line":330,"column":12},"end":{"line":330,"column":31}},"195":{"start":{"line":332,"column":12},"end":{"line":332,"column":31}},"196":{"start":{"line":333,"column":12},"end":{"line":333,"column":33}},"197":{"start":{"line":335,"column":8},"end":{"line":415,"column":9}},"198":{"start":{"line":335,"column":19},"end":{"line":335,"column":20}},"199":{"start":{"line":340,"column":12},"end":{"line":340,"column":49}},"200":{"start":{"line":340,"column":41},"end":{"line":340,"column":49}},"201":{"start":{"line":341,"column":12},"end":{"line":345,"column":13}},"202":{"start":{"line":344,"column":16},"end":{"line":344,"column":26}},"203":{"start":{"line":346,"column":22},"end":{"line":346,"column":123}},"204":{"start":{"line":349,"column":12},"end":{"line":353,"column":13}},"205":{"start":{"line":351,"column":16},"end":{"line":351,"column":26}},"206":{"start":{"line":352,"column":16},"end":{"line":352,"column":24}},"207":{"start":{"line":355,"column":12},"end":{"line":358,"column":13}},"208":{"start":{"line":357,"column":16},"end":{"line":357,"column":24}},"209":{"start":{"line":359,"column":12},"end":{"line":361,"column":13}},"210":{"start":{"line":360,"column":16},"end":{"line":360,"column":24}},"211":{"start":{"line":363,"column":12},"end":{"line":365,"column":13}},"212":{"start":{"line":364,"column":16},"end":{"line":364,"column":28}},"213":{"start":{"line":367,"column":12},"end":{"line":369,"column":13}},"214":{"start":{"line":368,"column":16},"end":{"line":368,"column":28}},"215":{"start":{"line":371,"column":12},"end":{"line":373,"column":13}},"216":{"start":{"line":372,"column":16},"end":{"line":372,"column":28}},"217":{"start":{"line":375,"column":12},"end":{"line":377,"column":13}},"218":{"start":{"line":376,"column":16},"end":{"line":376,"column":28}},"219":{"start":{"line":378,"column":12},"end":{"line":393,"column":13}},"220":{"start":{"line":379,"column":16},"end":{"line":379,"column":33}},"221":{"start":{"line":380,"column":16},"end":{"line":380,"column":39}},"222":{"start":{"line":381,"column":16},"end":{"line":381,"column":35}},"223":{"start":{"line":382,"column":16},"end":{"line":382,"column":37}},"224":{"start":{"line":383,"column":18},"end":{"line":393,"column":13}},"225":{"start":{"line":384,"column":16},"end":{"line":384,"column":33}},"226":{"start":{"line":385,"column":16},"end":{"line":385,"column":39}},"227":{"start":{"line":386,"column":16},"end":{"line":386,"column":35}},"228":{"start":{"line":387,"column":16},"end":{"line":387,"column":37}},"229":{"start":{"line":388,"column":18},"end":{"line":393,"column":13}},"230":{"start":{"line":389,"column":16},"end":{"line":389,"column":35}},"231":{"start":{"line":390,"column":16},"end":{"line":390,"column":41}},"232":{"start":{"line":391,"column":16},"end":{"line":391,"column":37}},"233":{"start":{"line":392,"column":16},"end":{"line":392,"column":39}},"234":{"start":{"line":394,"column":12},"end":{"line":414,"column":13}},"235":{"start":{"line":395,"column":16},"end":{"line":395,"column":29}},"236":{"start":{"line":396,"column":16},"end":{"line":396,"column":28}},"237":{"start":{"line":397,"column":16},"end":{"line":397,"column":33}},"238":{"start":{"line":398,"column":16},"end":{"line":398,"column":29}},"239":{"start":{"line":399,"column":18},"end":{"line":414,"column":13}},"240":{"start":{"line":400,"column":16},"end":{"line":400,"column":29}},"241":{"start":{"line":401,"column":16},"end":{"line":401,"column":28}},"242":{"start":{"line":402,"column":16},"end":{"line":402,"column":33}},"243":{"start":{"line":403,"column":16},"end":{"line":403,"column":29}},"244":{"start":{"line":404,"column":18},"end":{"line":414,"column":13}},"245":{"start":{"line":405,"column":16},"end":{"line":405,"column":29}},"246":{"start":{"line":406,"column":16},"end":{"line":406,"column":28}},"247":{"start":{"line":407,"column":16},"end":{"line":407,"column":34}},"248":{"start":{"line":408,"column":16},"end":{"line":408,"column":32}},"249":{"start":{"line":409,"column":18},"end":{"line":414,"column":13}},"250":{"start":{"line":410,"column":16},"end":{"line":410,"column":29}},"251":{"start":{"line":411,"column":16},"end":{"line":411,"column":28}},"252":{"start":{"line":412,"column":16},"end":{"line":412,"column":34}},"253":{"start":{"line":413,"column":16},"end":{"line":413,"column":30}},"254":{"start":{"line":417,"column":20},"end":{"line":417,"column":43}},"255":{"start":{"line":418,"column":8},"end":{"line":418,"column":18}}},"fnMap":{"0":{"name":"(anonymous_0)","decl":{"start":{"line":2,"column":4},"end":{"line":2,"column":5}},"loc":{"start":{"line":2,"column":45},"end":{"line":8,"column":5}},"line":2},"1":{"name":"(anonymous_1)","decl":{"start":{"line":11,"column":4},"end":{"line":11,"column":5}},"loc":{"start":{"line":11,"column":17},"end":{"line":13,"column":5}},"line":11},"2":{"name":"(anonymous_2)","decl":{"start":{"line":15,"column":4},"end":{"line":15,"column":5}},"loc":{"start":{"line":15,"column":14},"end":{"line":17,"column":5}},"line":15},"3":{"name":"(anonymous_3)","decl":{"start":{"line":19,"column":4},"end":{"line":19,"column":5}},"loc":{"start":{"line":19,"column":15},"end":{"line":21,"column":5}},"line":19},"4":{"name":"(anonymous_4)","decl":{"start":{"line":23,"column":4},"end":{"line":23,"column":5}},"loc":{"start":{"line":23,"column":16},"end":{"line":25,"column":5}},"line":23},"5":{"name":"(anonymous_5)","decl":{"start":{"line":27,"column":4},"end":{"line":27,"column":5}},"loc":{"start":{"line":27,"column":16},"end":{"line":29,"column":5}},"line":27},"6":{"name":"howMuch","decl":{"start":{"line":32,"column":16},"end":{"line":32,"column":23}},"loc":{"start":{"line":32,"column":117},"end":{"line":420,"column":1}},"line":32}},"branchMap":{"0":{"loc":{"start":{"line":36,"column":4},"end":{"line":38,"column":5}},"type":"if","locations":[{"start":{"line":36,"column":4},"end":{"line":38,"column":5}},{"start":{"line":36,"column":4},"end":{"line":38,"column":5}}],"line":36},"1":{"loc":{"start":{"line":36,"column":7},"end":{"line":36,"column":153}},"type":"binary-expr","locations":[{"start":{"line":36,"column":7},"end":{"line":36,"column":30}},{"start":{"line":36,"column":32},"end":{"line":36,"column":46}},{"start":{"line":36,"column":48},"end":{"line":36,"column":64}},{"start":{"line":36,"column":66},"end":{"line":36,"column":82}},{"start":{"line":36,"column":84},"end":{"line":36,"column":97}},{"start":{"line":36,"column":99},"end":{"line":36,"column":117}},{"start":{"line":36,"column":119},"end":{"line":36,"column":137}},{"start":{"line":36,"column":139},"end":{"line":36,"column":153}}],"line":36},"2":{"loc":{"start":{"line":40,"column":4},"end":{"line":42,"column":5}},"type":"if","locations":[{"start":{"line":40,"column":4},"end":{"line":42,"column":5}},{"start":{"line":40,"column":4},"end":{"line":42,"column":5}}],"line":40},"3":{"loc":{"start":{"line":40,"column":7},"end":{"line":40,"column":142}},"type":"binary-expr","locations":[{"start":{"line":40,"column":7},"end":{"line":40,"column":23}},{"start":{"line":40,"column":25},"end":{"line":40,"column":43}},{"start":{"line":40,"column":45},"end":{"line":40,"column":63}},{"start":{"line":40,"column":65},"end":{"line":40,"column":80}},{"start":{"line":40,"column":82},"end":{"line":40,"column":102}},{"start":{"line":40,"column":104},"end":{"line":40,"column":124}},{"start":{"line":40,"column":126},"end":{"line":40,"column":142}}],"line":40},"4":{"loc":{"start":{"line":46,"column":4},"end":{"line":50,"column":5}},"type":"if","locations":[{"start":{"line":46,"column":4},"end":{"line":50,"column":5}},{"start":{"line":46,"column":4},"end":{"line":50,"column":5}}],"line":46},"5":{"loc":{"start":{"line":46,"column":7},"end":{"line":48,"column":43}},"type":"binary-expr","locations":[{"start":{"line":46,"column":7},"end":{"line":46,"column":40}},{"start":{"line":46,"column":43},"end":{"line":46,"column":74}},{"start":{"line":46,"column":76},"end":{"line":46,"column":107}},{"start":{"line":47,"column":10},"end":{"line":47,"column":38}},{"start":{"line":47,"column":41},"end":{"line":47,"column":76}},{"start":{"line":47,"column":78},"end":{"line":47,"column":117}},{"start":{"line":48,"column":10},"end":{"line":48,"column":43}}],"line":46},"6":{"loc":{"start":{"line":57,"column":8},"end":{"line":59,"column":9}},"type":"if","locations":[{"start":{"line":57,"column":8},"end":{"line":59,"column":9}},{"start":{"line":57,"column":8},"end":{"line":59,"column":9}}],"line":57},"7":{"loc":{"start":{"line":61,"column":8},"end":{"line":63,"column":9}},"type":"if","locations":[{"start":{"line":61,"column":8},"end":{"line":63,"column":9}},{"start":{"line":61,"column":8},"end":{"line":63,"column":9}}],"line":61},"8":{"loc":{"start":{"line":61,"column":12},"end":{"line":61,"column":149}},"type":"binary-expr","locations":[{"start":{"line":61,"column":12},"end":{"line":61,"column":42}},{"start":{"line":61,"column":46},"end":{"line":61,"column":77}},{"start":{"line":61,"column":81},"end":{"line":61,"column":113}},{"start":{"line":61,"column":117},"end":{"line":61,"column":149}}],"line":61},"9":{"loc":{"start":{"line":65,"column":8},"end":{"line":67,"column":9}},"type":"if","locations":[{"start":{"line":65,"column":8},"end":{"line":67,"column":9}},{"start":{"line":65,"column":8},"end":{"line":67,"column":9}}],"line":65},"10":{"loc":{"start":{"line":65,"column":12},"end":{"line":65,"column":183}},"type":"binary-expr","locations":[{"start":{"line":65,"column":12},"end":{"line":65,"column":40}},{"start":{"line":65,"column":42},"end":{"line":65,"column":73}},{"start":{"line":65,"column":77},"end":{"line":65,"column":109}},{"start":{"line":65,"column":113},"end":{"line":65,"column":146}},{"start":{"line":65,"column":150},"end":{"line":65,"column":183}}],"line":65},"11":{"loc":{"start":{"line":69,"column":8},"end":{"line":71,"column":9}},"type":"if","locations":[{"start":{"line":69,"column":8},"end":{"line":71,"column":9}},{"start":{"line":69,"column":8},"end":{"line":71,"column":9}}],"line":69},"12":{"loc":{"start":{"line":69,"column":12},"end":{"line":69,"column":141}},"type":"binary-expr","locations":[{"start":{"line":69,"column":12},"end":{"line":69,"column":40}},{"start":{"line":69,"column":44},"end":{"line":69,"column":73}},{"start":{"line":69,"column":77},"end":{"line":69,"column":107}},{"start":{"line":69,"column":111},"end":{"line":69,"column":141}}],"line":69},"13":{"loc":{"start":{"line":73,"column":8},"end":{"line":78,"column":9}},"type":"if","locations":[{"start":{"line":73,"column":8},"end":{"line":78,"column":9}},{"start":{"line":73,"column":8},"end":{"line":78,"column":9}}],"line":73},"14":{"loc":{"start":{"line":73,"column":12},"end":{"line":74,"column":114}},"type":"binary-expr","locations":[{"start":{"line":73,"column":12},"end":{"line":73,"column":123}},{"start":{"line":74,"column":15},"end":{"line":74,"column":45}},{"start":{"line":74,"column":49},"end":{"line":74,"column":79}},{"start":{"line":74,"column":83},"end":{"line":74,"column":114}}],"line":73},"15":{"loc":{"start":{"line":79,"column":8},"end":{"line":85,"column":9}},"type":"if","locations":[{"start":{"line":79,"column":8},"end":{"line":85,"column":9}},{"start":{"line":79,"column":8},"end":{"line":85,"column":9}}],"line":79},"16":{"loc":{"start":{"line":95,"column":4},"end":{"line":419,"column":5}},"type":"if","locations":[{"start":{"line":95,"column":4},"end":{"line":419,"column":5}},{"start":{"line":95,"column":4},"end":{"line":419,"column":5}}],"line":95},"17":{"loc":{"start":{"line":97,"column":8},"end":{"line":105,"column":9}},"type":"if","locations":[{"start":{"line":97,"column":8},"end":{"line":105,"column":9}},{"start":{"line":97,"column":8},"end":{"line":105,"column":9}}],"line":97},"18":{"loc":{"start":{"line":101,"column":13},"end":{"line":105,"column":9}},"type":"if","locations":[{"start":{"line":101,"column":13},"end":{"line":105,"column":9}},{"start":{"line":101,"column":13},"end":{"line":105,"column":9}}],"line":101},"19":{"loc":{"start":{"line":107,"column":8},"end":{"line":117,"column":9}},"type":"if","locations":[{"start":{"line":107,"column":8},"end":{"line":117,"column":9}},{"start":{"line":107,"column":8},"end":{"line":117,"column":9}}],"line":107},"20":{"loc":{"start":{"line":108,"column":12},"end":{"line":114,"column":13}},"type":"if","locations":[{"start":{"line":108,"column":12},"end":{"line":114,"column":13}},{"start":{"line":108,"column":12},"end":{"line":114,"column":13}}],"line":108},"21":{"loc":{"start":{"line":110,"column":18},"end":{"line":114,"column":13}},"type":"if","locations":[{"start":{"line":110,"column":18},"end":{"line":114,"column":13}},{"start":{"line":110,"column":18},"end":{"line":114,"column":13}}],"line":110},"22":{"loc":{"start":{"line":118,"column":18},"end":{"line":118,"column":84}},"type":"cond-expr","locations":[{"start":{"line":118,"column":37},"end":{"line":118,"column":59}},{"start":{"line":118,"column":60},"end":{"line":118,"column":84}}],"line":118},"23":{"loc":{"start":{"line":122,"column":8},"end":{"line":129,"column":9}},"type":"if","locations":[{"start":{"line":122,"column":8},"end":{"line":129,"column":9}},{"start":{"line":122,"column":8},"end":{"line":129,"column":9}}],"line":122},"24":{"loc":{"start":{"line":162,"column":8},"end":{"line":181,"column":9}},"type":"if","locations":[{"start":{"line":162,"column":8},"end":{"line":181,"column":9}},{"start":{"line":162,"column":8},"end":{"line":181,"column":9}}],"line":162},"25":{"loc":{"start":{"line":162,"column":11},"end":{"line":162,"column":58}},"type":"binary-expr","locations":[{"start":{"line":162,"column":11},"end":{"line":162,"column":26}},{"start":{"line":162,"column":29},"end":{"line":162,"column":42}},{"start":{"line":162,"column":44},"end":{"line":162,"column":57}}],"line":162},"26":{"loc":{"start":{"line":167,"column":13},"end":{"line":181,"column":9}},"type":"if","locations":[{"start":{"line":167,"column":13},"end":{"line":181,"column":9}},{"start":{"line":167,"column":13},"end":{"line":181,"column":9}}],"line":167},"27":{"loc":{"start":{"line":174,"column":12},"end":{"line":180,"column":13}},"type":"if","locations":[{"start":{"line":174,"column":12},"end":{"line":180,"column":13}},{"start":{"line":174,"column":12},"end":{"line":180,"column":13}}],"line":174},"28":{"loc":{"start":{"line":176,"column":18},"end":{"line":180,"column":13}},"type":"if","locations":[{"start":{"line":176,"column":18},"end":{"line":180,"column":13}},{"start":{"line":176,"column":18},"end":{"line":180,"column":13}}],"line":176},"29":{"loc":{"start":{"line":229,"column":8},"end":{"line":334,"column":9}},"type":"if","locations":[{"start":{"line":229,"column":8},"end":{"line":334,"column":9}},{"start":{"line":229,"column":8},"end":{"line":334,"column":9}}],"line":229},"30":{"loc":{"start":{"line":247,"column":14},"end":{"line":334,"column":9}},"type":"if","locations":[{"start":{"line":247,"column":14},"end":{"line":334,"column":9}},{"start":{"line":247,"column":14},"end":{"line":334,"column":9}}],"line":247},"31":{"loc":{"start":{"line":275,"column":14},"end":{"line":334,"column":9}},"type":"if","locations":[{"start":{"line":275,"column":14},"end":{"line":334,"column":9}},{"start":{"line":275,"column":14},"end":{"line":334,"column":9}}],"line":275},"32":{"loc":{"start":{"line":292,"column":13},"end":{"line":334,"column":9}},"type":"if","locations":[{"start":{"line":292,"column":13},"end":{"line":334,"column":9}},{"start":{"line":292,"column":13},"end":{"line":334,"column":9}}],"line":292},"33":{"loc":{"start":{"line":340,"column":12},"end":{"line":340,"column":49}},"type":"if","locations":[{"start":{"line":340,"column":12},"end":{"line":340,"column":49}},{"start":{"line":340,"column":12},"end":{"line":340,"column":49}}],"line":340},"34":{"loc":{"start":{"line":341,"column":12},"end":{"line":345,"column":13}},"type":"if","locations":[{"start":{"line":341,"column":12},"end":{"line":345,"column":13}},{"start":{"line":341,"column":12},"end":{"line":345,"column":13}}],"line":341},"35":{"loc":{"start":{"line":349,"column":12},"end":{"line":353,"column":13}},"type":"if","locations":[{"start":{"line":349,"column":12},"end":{"line":353,"column":13}},{"start":{"line":349,"column":12},"end":{"line":353,"column":13}}],"line":349},"36":{"loc":{"start":{"line":349,"column":15},"end":{"line":349,"column":73}},"type":"binary-expr","locations":[{"start":{"line":349,"column":15},"end":{"line":349,"column":54}},{"start":{"line":349,"column":56},"end":{"line":349,"column":62}},{"start":{"line":349,"column":64},"end":{"line":349,"column":73}}],"line":349},"37":{"loc":{"start":{"line":355,"column":12},"end":{"line":358,"column":13}},"type":"if","locations":[{"start":{"line":355,"column":12},"end":{"line":358,"column":13}},{"start":{"line":355,"column":12},"end":{"line":358,"column":13}}],"line":355},"38":{"loc":{"start":{"line":355,"column":15},"end":{"line":355,"column":75}},"type":"binary-expr","locations":[{"start":{"line":355,"column":15},"end":{"line":355,"column":54}},{"start":{"line":355,"column":56},"end":{"line":355,"column":62}},{"start":{"line":355,"column":64},"end":{"line":355,"column":75}}],"line":355},"39":{"loc":{"start":{"line":359,"column":12},"end":{"line":361,"column":13}},"type":"if","locations":[{"start":{"line":359,"column":12},"end":{"line":361,"column":13}},{"start":{"line":359,"column":12},"end":{"line":361,"column":13}}],"line":359},"40":{"loc":{"start":{"line":359,"column":15},"end":{"line":359,"column":65}},"type":"binary-expr","locations":[{"start":{"line":359,"column":15},"end":{"line":359,"column":53}},{"start":{"line":359,"column":55},"end":{"line":359,"column":65}}],"line":359},"41":{"loc":{"start":{"line":363,"column":12},"end":{"line":365,"column":13}},"type":"if","locations":[{"start":{"line":363,"column":12},"end":{"line":365,"column":13}},{"start":{"line":363,"column":12},"end":{"line":365,"column":13}}],"line":363},"42":{"loc":{"start":{"line":363,"column":15},"end":{"line":363,"column":77}},"type":"binary-expr","locations":[{"start":{"line":363,"column":15},"end":{"line":363,"column":57}},{"start":{"line":363,"column":59},"end":{"line":363,"column":77}}],"line":363},"43":{"loc":{"start":{"line":367,"column":12},"end":{"line":369,"column":13}},"type":"if","locations":[{"start":{"line":367,"column":12},"end":{"line":369,"column":13}},{"start":{"line":367,"column":12},"end":{"line":369,"column":13}}],"line":367},"44":{"loc":{"start":{"line":367,"column":15},"end":{"line":367,"column":76}},"type":"binary-expr","locations":[{"start":{"line":367,"column":15},"end":{"line":367,"column":56}},{"start":{"line":367,"column":58},"end":{"line":367,"column":76}}],"line":367},"45":{"loc":{"start":{"line":371,"column":12},"end":{"line":373,"column":13}},"type":"if","locations":[{"start":{"line":371,"column":12},"end":{"line":373,"column":13}},{"start":{"line":371,"column":12},"end":{"line":373,"column":13}}],"line":371},"46":{"loc":{"start":{"line":371,"column":15},"end":{"line":371,"column":77}},"type":"binary-expr","locations":[{"start":{"line":371,"column":15},"end":{"line":371,"column":58}},{"start":{"line":371,"column":60},"end":{"line":371,"column":77}}],"line":371},"47":{"loc":{"start":{"line":375,"column":12},"end":{"line":377,"column":13}},"type":"if","locations":[{"start":{"line":375,"column":12},"end":{"line":377,"column":13}},{"start":{"line":375,"column":12},"end":{"line":377,"column":13}}],"line":375},"48":{"loc":{"start":{"line":375,"column":15},"end":{"line":375,"column":78}},"type":"binary-expr","locations":[{"start":{"line":375,"column":15},"end":{"line":375,"column":58}},{"start":{"line":375,"column":60},"end":{"line":375,"column":78}}],"line":375},"49":{"loc":{"start":{"line":378,"column":12},"end":{"line":393,"column":13}},"type":"if","locations":[{"start":{"line":378,"column":12},"end":{"line":393,"column":13}},{"start":{"line":378,"column":12},"end":{"line":393,"column":13}}],"line":378},"50":{"loc":{"start":{"line":383,"column":18},"end":{"line":393,"column":13}},"type":"if","locations":[{"start":{"line":383,"column":18},"end":{"line":393,"column":13}},{"start":{"line":383,"column":18},"end":{"line":393,"column":13}}],"line":383},"51":{"loc":{"start":{"line":388,"column":18},"end":{"line":393,"column":13}},"type":"if","locations":[{"start":{"line":388,"column":18},"end":{"line":393,"column":13}},{"start":{"line":388,"column":18},"end":{"line":393,"column":13}}],"line":388},"52":{"loc":{"start":{"line":394,"column":12},"end":{"line":414,"column":13}},"type":"if","locations":[{"start":{"line":394,"column":12},"end":{"line":414,"column":13}},{"start":{"line":394,"column":12},"end":{"line":414,"column":13}}],"line":394},"53":{"loc":{"start":{"line":399,"column":18},"end":{"line":414,"column":13}},"type":"if","locations":[{"start":{"line":399,"column":18},"end":{"line":414,"column":13}},{"start":{"line":399,"column":18},"end":{"line":414,"column":13}}],"line":399},"54":{"loc":{"start":{"line":404,"column":18},"end":{"line":414,"column":13}},"type":"if","locations":[{"start":{"line":404,"column":18},"end":{"line":414,"column":13}},{"start":{"line":404,"column":18},"end":{"line":414,"column":13}}],"line":404},"55":{"loc":{"start":{"line":409,"column":18},"end":{"line":414,"column":13}},"type":"if","locations":[{"start":{"line":409,"column":18},"end":{"line":414,"column":13}},{"start":{"line":409,"column":18},"end":{"line":414,"column":13}}],"line":409}},"s":{"0":80,"1":80,"2":80,"3":80,"4":80,"5":182,"6":262,"7":259,"8":256,"9":195,"10":68,"11":7,"12":61,"13":7,"14":54,"15":7,"16":47,"17":47,"18":47,"19":47,"20":59,"21":3,"22":56,"23":4,"24":52,"25":4,"26":48,"27":0,"28":48,"29":3,"30":45,"31":10,"32":35,"33":33,"34":33,"35":13,"36":7,"37":6,"38":1,"39":5,"40":13,"41":13,"42":3,"43":10,"44":1,"45":9,"46":0,"47":13,"48":13,"49":12,"50":1,"51":1,"52":1,"53":20,"54":20,"55":20,"56":20,"57":20,"58":20,"59":20,"60":20,"61":20,"62":20,"63":20,"64":20,"65":20,"66":20,"67":20,"68":20,"69":20,"70":13,"71":13,"72":7,"73":1,"74":1,"75":6,"76":6,"77":0,"78":6,"79":0,"80":6,"81":20,"82":20,"83":20,"84":20,"85":20,"86":20,"87":20,"88":20,"89":20,"90":20,"91":20,"92":20,"93":20,"94":20,"95":20,"96":20,"97":20,"98":20,"99":20,"100":20,"101":20,"102":20,"103":20,"104":20,"105":20,"106":20,"107":20,"108":20,"109":20,"110":20,"111":20,"112":20,"113":20,"114":20,"115":20,"116":20,"117":20,"118":20,"119":6,"120":6,"121":6,"122":6,"123":6,"124":6,"125":6,"126":6,"127":6,"128":6,"129":6,"130":6,"131":6,"132":6,"133":14,"134":1,"135":1,"136":1,"137":1,"138":1,"139":1,"140":1,"141":1,"142":1,"143":1,"144":1,"145":1,"146":1,"147":1,"148":1,"149":1,"150":1,"151":1,"152":1,"153":1,"154":1,"155":13,"156":1,"157":1,"158":1,"159":1,"160":1,"161":1,"162":1,"163":1,"164":1,"165":1,"166":1,"167":1,"168":12,"169":1,"170":1,"171":1,"172":1,"173":1,"174":1,"175":1,"176":1,"177":1,"178":1,"179":1,"180":1,"181":1,"182":1,"183":11,"184":11,"185":11,"186":11,"187":11,"188":11,"189":11,"190":11,"191":11,"192":11,"193":11,"194":11,"195":11,"196":11,"197":20,"198":20,"199":26,"200":21,"201":5,"202":0,"203":5,"204":5,"205":0,"206":0,"207":5,"208":3,"209":5,"210":5,"211":5,"212":5,"213":5,"214":5,"215":5,"216":5,"217":5,"218":5,"219":5,"220":1,"221":1,"222":1,"223":1,"224":4,"225":3,"226":3,"227":3,"228":3,"229":1,"230":1,"231":1,"232":1,"233":1,"234":5,"235":5,"236":5,"237":5,"238":5,"239":0,"240":0,"241":0,"242":0,"243":0,"244":0,"245":0,"246":0,"247":0,"248":0,"249":0,"250":0,"251":0,"252":0,"253":0,"254":20,"255":20},"f":{"0":80,"1":182,"2":262,"3":259,"4":256,"5":195,"6":68},"b":{"0":[7,61],"1":[68,68,67,66,65,64,63,62],"2":[7,54],"3":[61,60,59,58,57,56,55],"4":[7,47],"5":[54,53,52,51,50,49,48],"6":[3,56],"7":[4,52],"8":[56,55,54,53],"9":[4,48],"10":[52,52,51,50,49],"11":[0,48],"12":[48,48,48,48],"13":[3,45],"14":[48,48,47,46],"15":[10,35],"16":[13,20],"17":[7,6],"18":[1,5],"19":[13,0],"20":[3,10],"21":[1,9],"22":[10,3],"23":[12,1],"24":[13,7],"25":[20,15,2],"26":[1,6],"27":[0,6],"28":[0,6],"29":[6,14],"30":[1,13],"31":[1,12],"32":[1,11],"33":[21,5],"34":[0,5],"35":[0,5],"36":[5,3,3],"37":[3,2],"38":[5,3,3],"39":[5,0],"40":[5,3],"41":[5,0],"42":[5,5],"43":[5,0],"44":[5,5],"45":[5,0],"46":[5,5],"47":[5,0],"48":[5,5],"49":[1,4],"50":[3,1],"51":[1,0],"52":[5,0],"53":[0,0],"54":[0,0],"55":[0,0]},"_coverageSchema":"43e27e138ebf9cfc5966b082cf9a028302ed4184","hash":"4adf807b7f9b13ca7364295bbfbbf23ebb1c1a4f"}
}
