TN:
SF:D:\jsTest\test\forTest.js
FN:2,(anonymous_0)
FN:11,(anonymous_1)
FN:15,(anonymous_2)
FN:19,(anonymous_3)
FN:23,(anonymous_4)
FN:27,(anonymous_5)
FN:32,howMuch
FNF:7
FNH:7
FNDA:80,(anonymous_0)
FNDA:182,(anonymous_1)
FNDA:262,(anonymous_2)
FNDA:259,(anonymous_3)
FNDA:256,(anonymous_4)
FNDA:195,(anonymous_5)
FNDA:68,howMuch
DA:3,80
DA:4,80
DA:5,80
DA:6,80
DA:7,80
DA:12,182
DA:16,262
DA:20,259
DA:24,256
DA:28,195
DA:36,68
DA:37,7
DA:40,61
DA:41,7
DA:46,54
DA:49,7
DA:52,47
DA:54,47
DA:55,47
DA:57,59
DA:58,3
DA:61,56
DA:62,4
DA:65,52
DA:66,4
DA:69,48
DA:70,0
DA:73,48
DA:77,3
DA:79,45
DA:80,10
DA:84,35
DA:89,33
DA:95,33
DA:97,13
DA:98,7
DA:101,6
DA:102,1
DA:104,5
DA:107,13
DA:108,13
DA:109,3
DA:110,10
DA:111,1
DA:113,9
DA:116,0
DA:118,13
DA:122,13
DA:123,12
DA:126,1
DA:127,1
DA:128,1
DA:137,20
DA:138,20
DA:139,20
DA:140,20
DA:142,20
DA:143,20
DA:144,20
DA:145,20
DA:147,20
DA:148,20
DA:149,20
DA:150,20
DA:152,20
DA:153,20
DA:154,20
DA:155,20
DA:162,20
DA:163,13
DA:164,13
DA:167,7
DA:168,1
DA:169,1
DA:173,6
DA:174,6
DA:175,0
DA:176,6
DA:177,0
DA:179,6
DA:182,20
DA:183,20
DA:184,20
DA:185,20
DA:186,20
DA:187,20
DA:188,20
DA:189,20
DA:191,20
DA:193,20
DA:194,20
DA:195,20
DA:196,20
DA:198,20
DA:199,20
DA:200,20
DA:201,20
DA:203,20
DA:204,20
DA:205,20
DA:206,20
DA:208,20
DA:209,20
DA:210,20
DA:211,20
DA:214,20
DA:215,20
DA:216,20
DA:217,20
DA:219,20
DA:220,20
DA:221,20
DA:222,20
DA:224,20
DA:225,20
DA:226,20
DA:227,20
DA:229,20
DA:230,6
DA:231,6
DA:232,6
DA:233,6
DA:234,6
DA:235,6
DA:236,6
DA:237,6
DA:239,6
DA:240,6
DA:242,6
DA:243,6
DA:245,6
DA:246,6
DA:247,14
DA:248,1
DA:249,1
DA:250,1
DA:252,1
DA:253,1
DA:254,1
DA:256,1
DA:257,1
DA:258,1
DA:260,1
DA:261,1
DA:262,1
DA:264,1
DA:265,1
DA:266,1
DA:268,1
DA:269,1
DA:270,1
DA:272,1
DA:273,1
DA:274,1
DA:275,13
DA:276,1
DA:277,1
DA:278,1
DA:280,1
DA:281,1
DA:282,1
DA:284,1
DA:285,1
DA:286,1
DA:288,1
DA:289,1
DA:290,1
DA:292,12
DA:293,1
DA:294,1
DA:296,1
DA:297,1
DA:299,1
DA:300,1
DA:302,1
DA:303,1
DA:305,1
DA:306,1
DA:308,1
DA:309,1
DA:311,1
DA:312,1
DA:314,11
DA:315,11
DA:317,11
DA:318,11
DA:320,11
DA:321,11
DA:323,11
DA:324,11
DA:326,11
DA:327,11
DA:329,11
DA:330,11
DA:332,11
DA:333,11
DA:335,20
DA:340,26
DA:341,5
DA:344,0
DA:346,5
DA:349,5
DA:351,0
DA:352,0
DA:355,5
DA:357,3
DA:359,5
DA:360,5
DA:363,5
DA:364,5
DA:367,5
DA:368,5
DA:371,5
DA:372,5
DA:375,5
DA:376,5
DA:378,5
DA:379,1
DA:380,1
DA:381,1
DA:382,1
DA:383,4
DA:384,3
DA:385,3
DA:386,3
DA:387,3
DA:388,1
DA:389,1
DA:390,1
DA:391,1
DA:392,1
DA:394,5
DA:395,5
DA:396,5
DA:397,5
DA:398,5
DA:399,0
DA:400,0
DA:401,0
DA:402,0
DA:403,0
DA:404,0
DA:405,0
DA:406,0
DA:407,0
DA:408,0
DA:409,0
DA:410,0
DA:411,0
DA:412,0
DA:413,0
DA:417,20
DA:418,20
LF:253
LH:231
BRDA:36,0,0,7
BRDA:36,0,1,61
BRDA:36,1,0,68
BRDA:36,1,1,68
BRDA:36,1,2,67
BRDA:36,1,3,66
BRDA:36,1,4,65
BRDA:36,1,5,64
BRDA:36,1,6,63
BRDA:36,1,7,62
BRDA:40,2,0,7
BRDA:40,2,1,54
BRDA:40,3,0,61
BRDA:40,3,1,60
BRDA:40,3,2,59
BRDA:40,3,3,58
BRDA:40,3,4,57
BRDA:40,3,5,56
BRDA:40,3,6,55
BRDA:46,4,0,7
BRDA:46,4,1,47
BRDA:46,5,0,54
BRDA:46,5,1,53
BRDA:46,5,2,52
BRDA:46,5,3,51
BRDA:46,5,4,50
BRDA:46,5,5,49
BRDA:46,5,6,48
BRDA:57,6,0,3
BRDA:57,6,1,56
BRDA:61,7,0,4
BRDA:61,7,1,52
BRDA:61,8,0,56
BRDA:61,8,1,55
BRDA:61,8,2,54
BRDA:61,8,3,53
BRDA:65,9,0,4
BRDA:65,9,1,48
BRDA:65,10,0,52
BRDA:65,10,1,52
BRDA:65,10,2,51
BRDA:65,10,3,50
BRDA:65,10,4,49
BRDA:69,11,0,0
BRDA:69,11,1,48
BRDA:69,12,0,48
BRDA:69,12,1,48
BRDA:69,12,2,48
BRDA:69,12,3,48
BRDA:73,13,0,3
BRDA:73,13,1,45
BRDA:73,14,0,48
BRDA:73,14,1,48
BRDA:73,14,2,47
BRDA:73,14,3,46
BRDA:79,15,0,10
BRDA:79,15,1,35
BRDA:95,16,0,13
BRDA:95,16,1,20
BRDA:97,17,0,7
BRDA:97,17,1,6
BRDA:101,18,0,1
BRDA:101,18,1,5
BRDA:107,19,0,13
BRDA:107,19,1,0
BRDA:108,20,0,3
BRDA:108,20,1,10
BRDA:110,21,0,1
BRDA:110,21,1,9
BRDA:118,22,0,10
BRDA:118,22,1,3
BRDA:122,23,0,12
BRDA:122,23,1,1
BRDA:162,24,0,13
BRDA:162,24,1,7
BRDA:162,25,0,20
BRDA:162,25,1,15
BRDA:162,25,2,2
BRDA:167,26,0,1
BRDA:167,26,1,6
BRDA:174,27,0,0
BRDA:174,27,1,6
BRDA:176,28,0,0
BRDA:176,28,1,6
BRDA:229,29,0,6
BRDA:229,29,1,14
BRDA:247,30,0,1
BRDA:247,30,1,13
BRDA:275,31,0,1
BRDA:275,31,1,12
BRDA:292,32,0,1
BRDA:292,32,1,11
BRDA:340,33,0,21
BRDA:340,33,1,5
BRDA:341,34,0,0
BRDA:341,34,1,5
BRDA:349,35,0,0
BRDA:349,35,1,5
BRDA:349,36,0,5
BRDA:349,36,1,3
BRDA:349,36,2,3
BRDA:355,37,0,3
BRDA:355,37,1,2
BRDA:355,38,0,5
BRDA:355,38,1,3
BRDA:355,38,2,3
BRDA:359,39,0,5
BRDA:359,39,1,0
BRDA:359,40,0,5
BRDA:359,40,1,3
BRDA:363,41,0,5
BRDA:363,41,1,0
BRDA:363,42,0,5
BRDA:363,42,1,5
BRDA:367,43,0,5
BRDA:367,43,1,0
BRDA:367,44,0,5
BRDA:367,44,1,5
BRDA:371,45,0,5
BRDA:371,45,1,0
BRDA:371,46,0,5
BRDA:371,46,1,5
BRDA:375,47,0,5
BRDA:375,47,1,0
BRDA:375,48,0,5
BRDA:375,48,1,5
BRDA:378,49,0,1
BRDA:378,49,1,4
BRDA:383,50,0,3
BRDA:383,50,1,1
BRDA:388,51,0,1
BRDA:388,51,1,0
BRDA:394,52,0,5
BRDA:394,52,1,0
BRDA:399,53,0,0
BRDA:399,53,1,0
BRDA:404,54,0,0
BRDA:404,54,1,0
BRDA:409,55,0,0
BRDA:409,55,1,0
BRF:140
BRH:121
end_of_record
